# JRE version: OpenJDK Runtime Environment Temurin-21.0.10+7 (21.0.10+7) (build 21.0.10+7-LTS)
# Java VM: OpenJDK 64-Bit Server VM Temurin-21.0.10+7 (21.0.10+7-LTS, mixed mode, sharing, tiered, compressed oops, compressed class ptrs, parallel gc, windows-amd64)
GC Precious Log:
 CardTable entry size: 512
 CPUs: 8 total, 8 available
 Memory: 7412M
 Large Page Support: Disabled
 NUMA Support: Disabled
 Compressed Oops: Enabled (32-bit)
 Alignments: Space 512K, Generation 512K, Heap 2M
 Heap Min Capacity: 100M
 Heap Initial Capacity: 100M
 Heap Max Capacity: 2G
 Pre-touch: Disabled
 Parallel Workers: 8
Heap:
 PSYoungGen      total 6144K, used 5775K [0x00000000d5580000, 0x00000000d5e80000, 0x0000000100000000)
  eden space 5632K, 94% used [0x00000000d5580000,0x00000000d5aad6d8,0x00000000d5b00000)
  from space 512K, 92% used [0x00000000d5d80000,0x00000000d5df6900,0x00000000d5e00000)
  to   space 512K, 0% used [0x00000000d5e00000,0x00000000d5e00000,0x00000000d5e80000)
 ParOldGen       total 1171968K, used 361503K [0x0000000080000000, 0x00000000c7880000, 0x00000000d5580000)
  object space 1171968K, 30% used [0x0000000080000000,0x0000000096107d40,0x00000000c7880000)
 Metaspace       used 78763K, committed 80448K, reserved 1179648K
  class space    used 8086K, committed 8832K, reserved 1048576K
GC Heap History (20 events):
Event: 129.365 GC heap before
{Heap before GC invocations=976 (full 4):
 PSYoungGen      total 5632K, used 5617K [0x00000000d5580000, 0x00000000d6500000, 0x0000000100000000)
  eden space 3584K, 100% used [0x00000000d5580000,0x00000000d5900000,0x00000000d5900000)
  from space 2048K, 99% used [0x00000000d5900000,0x00000000d5afc540,0x00000000d5b00000)
  to   space 5632K, 0% used [0x00000000d5f80000,0x00000000d5f80000,0x00000000d6500000)
 ParOldGen       total 1171968K, used 316991K [0x0000000080000000, 0x00000000c7880000, 0x00000000d5580000)
  object space 1171968K, 27% used [0x0000000080000000,0x000000009358fe10,0x00000000c7880000)
 Metaspace       used 78418K, committed 80128K, reserved 1179648K
  class space    used 8077K, committed 8832K, reserved 1048576K
}
Event: 129.368 GC heap after
{Heap after GC invocations=976 (full 4):
 PSYoungGen      total 7680K, used 2624K [0x00000000d5580000, 0x00000000d6280000, 0x0000000100000000)
  eden space 4608K, 0% used [0x00000000d5580000,0x00000000d5580000,0x00000000d5a00000)
  from space 3072K, 85% used [0x00000000d5f80000,0x00000000d6210000,0x00000000d6280000)
  to   space 3584K, 0% used [0x00000000d5b80000,0x00000000d5b80000,0x00000000d5f00000)
 ParOldGen       total 1171968K, used 317199K [0x0000000080000000, 0x00000000c7880000, 0x00000000d5580000)
  object space 1171968K, 27% used [0x0000000080000000,0x00000000935c3e10,0x00000000c7880000)
 Metaspace       used 78418K, committed 80128K, reserved 1179648K
  class space    used 8077K, committed 8832K, reserved 1048576K
}
Event: 129.421 GC heap before
{Heap before GC invocations=977 (full 4):
 PSYoungGen      total 7680K, used 7232K [0x00000000d5580000, 0x00000000d6280000, 0x0000000100000000)
  eden space 4608K, 100% used [0x00000000d5580000,0x00000000d5a00000,0x00000000d5a00000)
  from space 3072K, 85% used [0x00000000d5f80000,0x00000000d6210000,0x00000000d6280000)
  to   space 3584K, 0% used [0x00000000d5b80000,0x00000000d5b80000,0x00000000d5f00000)
 ParOldGen       total 1171968K, used 317199K [0x0000000080000000, 0x00000000c7880000, 0x00000000d5580000)
  object space 1171968K, 27% used [0x0000000080000000,0x00000000935c3e10,0x00000000c7880000)
 Metaspace       used 78420K, committed 80128K, reserved 1179648K
  class space    used 8077K, committed 8832K, reserved 1048576K
}
Event: 129.425 GC heap after
{Heap after GC invocations=977 (full 4):
 PSYoungGen      total 8192K, used 3573K [0x00000000d5580000, 0x00000000d6800000, 0x0000000100000000)
  eden space 4608K, 0% used [0x00000000d5580000,0x00000000d5580000,0x00000000d5a00000)
  from space 3584K, 99% used [0x00000000d5b80000,0x00000000d5efd720,0x00000000d5f00000)
  to   space 7168K, 0% used [0x00000000d6100000,0x00000000d6100000,0x00000000d6800000)
 ParOldGen       total 1171968K, used 319695K [0x0000000080000000, 0x00000000c7880000, 0x00000000d5580000)
  object space 1171968K, 27% used [0x0000000080000000,0x0000000093833e10,0x00000000c7880000)
 Metaspace       used 78420K, committed 80128K, reserved 1179648K
  class space    used 8077K, committed 8832K, reserved 1048576K
}
Event: 129.443 GC heap before
{Heap before GC invocations=978 (full 4):
 PSYoungGen      total 8192K, used 8181K [0x00000000d5580000, 0x00000000d6800000, 0x0000000100000000)
  eden space 4608K, 100% used [0x00000000d5580000,0x00000000d5a00000,0x00000000d5a00000)
  from space 3584K, 99% used [0x00000000d5b80000,0x00000000d5efd720,0x00000000d5f00000)
  to   space 7168K, 0% used [0x00000000d6100000,0x00000000d6100000,0x00000000d6800000)
 ParOldGen       total 1171968K, used 319695K [0x0000000080000000, 0x00000000c7880000, 0x00000000d5580000)
  object space 1171968K, 27% used [0x0000000080000000,0x0000000093833e10,0x00000000c7880000)
 Metaspace       used 78420K, committed 80128K, reserved 1179648K
  class space    used 8077K, committed 8832K, reserved 1048576K
}
Event: 129.450 GC heap after
{Heap after GC invocations=978 (full 4):
 PSYoungGen      total 10240K, used 4432K [0x00000000d5580000, 0x00000000d6580000, 0x0000000100000000)
  eden space 5632K, 0% used [0x00000000d5580000,0x00000000d5580000,0x00000000d5b00000)
  from space 4608K, 96% used [0x00000000d6100000,0x00000000d6554000,0x00000000d6580000)
  to   space 5120K, 0% used [0x00000000d5b80000,0x00000000d5b80000,0x00000000d6080000)
 ParOldGen       total 1171968K, used 323931K [0x0000000080000000, 0x00000000c7880000, 0x00000000d5580000)
  object space 1171968K, 27% used [0x0000000080000000,0x0000000093c56c50,0x00000000c7880000)
 Metaspace       used 78420K, committed 80128K, reserved 1179648K
  class space    used 8077K, committed 8832K, reserved 1048576K
}
Event: 129.721 GC heap before
{Heap before GC invocations=979 (full 4):
 PSYoungGen      total 10240K, used 10064K [0x00000000d5580000, 0x00000000d6580000, 0x0000000100000000)
  eden space 5632K, 100% used [0x00000000d5580000,0x00000000d5b00000,0x00000000d5b00000)
  from space 4608K, 96% used [0x00000000d6100000,0x00000000d6554000,0x00000000d6580000)
  to   space 5120K, 0% used [0x00000000d5b80000,0x00000000d5b80000,0x00000000d6080000)
 ParOldGen       total 1171968K, used 323931K [0x0000000080000000, 0x00000000c7880000, 0x00000000d5580000)
  object space 1171968K, 27% used [0x0000000080000000,0x0000000093c56c50,0x00000000c7880000)
 Metaspace       used 78423K, committed 80128K, reserved 1179648K
  class space    used 8077K, committed 8832K, reserved 1048576K
}
Event: 129.727 GC heap after
{Heap after GC invocations=979 (full 4):
 PSYoungGen      total 8192K, used 2329K [0x00000000d5580000, 0x00000000d6200000, 0x0000000100000000)
  eden space 5632K, 0% used [0x00000000d5580000,0x00000000d5580000,0x00000000d5b00000)
  from space 2560K, 91% used [0x00000000d5b80000,0x00000000d5dc66b0,0x00000000d5e00000)
  to   space 3584K, 0% used [0x00000000d5e80000,0x00000000d5e80000,0x00000000d6200000)
 ParOldGen       total 1171968K, used 328003K [0x0000000080000000, 0x00000000c7880000, 0x00000000d5580000)
  object space 1171968K, 27% used [0x0000000080000000,0x0000000094050c50,0x00000000c7880000)
 Metaspace       used 78423K, committed 80128K, reserved 1179648K
  class space    used 8077K, committed 8832K, reserved 1048576K
}
Event: 129.970 GC heap before
{Heap before GC invocations=980 (full 4):
 PSYoungGen      total 8192K, used 7961K [0x00000000d5580000, 0x00000000d6200000, 0x0000000100000000)
  eden space 5632K, 99% used [0x00000000d5580000,0x00000000d5afffe8,0x00000000d5b00000)
  from space 2560K, 91% used [0x00000000d5b80000,0x00000000d5dc66b0,0x00000000d5e00000)
  to   space 3584K, 0% used [0x00000000d5e80000,0x00000000d5e80000,0x00000000d6200000)
 ParOldGen       total 1171968K, used 328003K [0x0000000080000000, 0x00000000c7880000, 0x00000000d5580000)
  object space 1171968K, 27% used [0x0000000080000000,0x0000000094050c50,0x00000000c7880000)
 Metaspace       used 78498K, committed 80256K, reserved 1179648K
  class space    used 8082K, committed 8832K, reserved 1048576K
}
Event: 129.972 GC heap after
{Heap after GC invocations=980 (full 4):
 PSYoungGen      total 6656K, used 836K [0x00000000d5580000, 0x00000000d5f80000, 0x0000000100000000)
  eden space 5632K, 0% used [0x00000000d5580000,0x00000000d5580000,0x00000000d5b00000)
  from space 1024K, 81% used [0x00000000d5e80000,0x00000000d5f51210,0x00000000d5f80000)
  to   space 2048K, 0% used [0x00000000d5b80000,0x00000000d5b80000,0x00000000d5d80000)
 ParOldGen       total 1171968K, used 329936K [0x0000000080000000, 0x00000000c7880000, 0x00000000d5580000)
  object space 1171968K, 28% used [0x0000000080000000,0x00000000942343b8,0x00000000c7880000)
 Metaspace       used 78498K, committed 80256K, reserved 1179648K
  class space    used 8082K, committed 8832K, reserved 1048576K
}
Event: 130.004 GC heap before
{Heap before GC invocations=981 (full 4):
 PSYoungGen      total 6656K, used 6468K [0x00000000d5580000, 0x00000000d5f80000, 0x0000000100000000)
  eden space 5632K, 99% used [0x00000000d5580000,0x00000000d5affff8,0x00000000d5b00000)
  from space 1024K, 81% used [0x00000000d5e80000,0x00000000d5f51210,0x00000000d5f80000)
  to   space 2048K, 0% used [0x00000000d5b80000,0x00000000d5b80000,0x00000000d5d80000)
 ParOldGen       total 1171968K, used 329936K [0x0000000080000000, 0x00000000c7880000, 0x00000000d5580000)
  object space 1171968K, 28% used [0x0000000080000000,0x00000000942343b8,0x00000000c7880000)
 Metaspace       used 78510K, committed 80256K, reserved 1179648K
  class space    used 8082K, committed 8832K, reserved 1048576K
}
Event: 130.005 GC heap after
{Heap after GC invocations=981 (full 4):
 PSYoungGen      total 7680K, used 794K [0x00000000d5580000, 0x00000000d5f00000, 0x0000000100000000)
  eden space 5632K, 0% used [0x00000000d5580000,0x00000000d5580000,0x00000000d5b00000)
  from space 2048K, 38% used [0x00000000d5b80000,0x00000000d5c46900,0x00000000d5d80000)
  to   space 1024K, 0% used [0x00000000d5e00000,0x00000000d5e00000,0x00000000d5f00000)
 ParOldGen       total 1171968K, used 330492K [0x0000000080000000, 0x00000000c7880000, 0x00000000d5580000)
  object space 1171968K, 28% used [0x0000000080000000,0x00000000942bf2f8,0x00000000c7880000)
 Metaspace       used 78510K, committed 80256K, reserved 1179648K
  class space    used 8082K, committed 8832K, reserved 1048576K
}
Event: 130.598 GC heap before
{Heap before GC invocations=982 (full 4):
 PSYoungGen      total 7680K, used 6426K [0x00000000d5580000, 0x00000000d5f00000, 0x0000000100000000)
  eden space 5632K, 100% used [0x00000000d5580000,0x00000000d5b00000,0x00000000d5b00000)
  from space 2048K, 38% used [0x00000000d5b80000,0x00000000d5c46900,0x00000000d5d80000)
  to   space 1024K, 0% used [0x00000000d5e00000,0x00000000d5e00000,0x00000000d5f00000)
 ParOldGen       total 1171968K, used 330492K [0x0000000080000000, 0x00000000c7880000, 0x00000000d5580000)
  object space 1171968K, 28% used [0x0000000080000000,0x00000000942bf2f8,0x00000000c7880000)
 Metaspace       used 78584K, committed 80320K, reserved 1179648K
  class space    used 8082K, committed 8832K, reserved 1048576K
}
Event: 130.600 GC heap after
{Heap after GC invocations=982 (full 4):
 PSYoungGen      total 6144K, used 272K [0x00000000d5580000, 0x00000000d5e80000, 0x0000000100000000)
  eden space 5632K, 0% used [0x00000000d5580000,0x00000000d5580000,0x00000000d5b00000)
  from space 512K, 53% used [0x00000000d5e00000,0x00000000d5e44010,0x00000000d5e80000)
  to   space 512K, 0% used [0x00000000d5d80000,0x00000000d5d80000,0x00000000d5e00000)
 ParOldGen       total 1171968K, used 330516K [0x0000000080000000, 0x00000000c7880000, 0x00000000d5580000)
  object space 1171968K, 28% used [0x0000000080000000,0x00000000942c52f8,0x00000000c7880000)
 Metaspace       used 78584K, committed 80320K, reserved 1179648K
  class space    used 8082K, committed 8832K, reserved 1048576K
}
Event: 130.653 GC heap before
{Heap before GC invocations=983 (full 4):
 PSYoungGen      total 6144K, used 5904K [0x00000000d5580000, 0x00000000d5e80000, 0x0000000100000000)
  eden space 5632K, 100% used [0x00000000d5580000,0x00000000d5b00000,0x00000000d5b00000)
  from space 512K, 53% used [0x00000000d5e00000,0x00000000d5e44010,0x00000000d5e80000)
  to   space 512K, 0% used [0x00000000d5d80000,0x00000000d5d80000,0x00000000d5e00000)
 ParOldGen       total 1171968K, used 330516K [0x0000000080000000, 0x00000000c7880000, 0x00000000d5580000)
  object space 1171968K, 28% used [0x0000000080000000,0x00000000942c52f8,0x00000000c7880000)
 Metaspace       used 78618K, committed 80320K, reserved 1179648K
  class space    used 8082K, committed 8832K, reserved 1048576K
}
Event: 130.656 GC heap after
{Heap after GC invocations=983 (full 4):
 PSYoungGen      total 6144K, used 192K [0x00000000d5580000, 0x00000000d5e80000, 0x0000000100000000)
  eden space 5632K, 0% used [0x00000000d5580000,0x00000000d5580000,0x00000000d5b00000)
  from space 512K, 37% used [0x00000000d5d80000,0x00000000d5db0000,0x00000000d5e00000)
  to   space 512K, 0% used [0x00000000d5e00000,0x00000000d5e00000,0x00000000d5e80000)
 ParOldGen       total 1171968K, used 330634K [0x0000000080000000, 0x00000000c7880000, 0x00000000d5580000)
  object space 1171968K, 28% used [0x0000000080000000,0x00000000942e2bb0,0x00000000c7880000)
 Metaspace       used 78618K, committed 80320K, reserved 1179648K
  class space    used 8082K, committed 8832K, reserved 1048576K
}
Event: 135.183 GC heap before
{Heap before GC invocations=984 (full 4):
 PSYoungGen      total 6144K, used 5824K [0x00000000d5580000, 0x00000000d5e80000, 0x0000000100000000)
  eden space 5632K, 100% used [0x00000000d5580000,0x00000000d5b00000,0x00000000d5b00000)
  from space 512K, 37% used [0x00000000d5d80000,0x00000000d5db0000,0x00000000d5e00000)
  to   space 512K, 0% used [0x00000000d5e00000,0x00000000d5e00000,0x00000000d5e80000)
 ParOldGen       total 1171968K, used 361354K [0x0000000080000000, 0x00000000c7880000, 0x00000000d5580000)
  object space 1171968K, 30% used [0x0000000080000000,0x00000000960e2be0,0x00000000c7880000)
 Metaspace       used 78671K, committed 80384K, reserved 1179648K
  class space    used 8082K, committed 8832K, reserved 1048576K
}
Event: 135.185 GC heap after
{Heap after GC invocations=984 (full 4):
 PSYoungGen      total 6144K, used 192K [0x00000000d5580000, 0x00000000d5e80000, 0x0000000100000000)
  eden space 5632K, 0% used [0x00000000d5580000,0x00000000d5580000,0x00000000d5b00000)
  from space 512K, 37% used [0x00000000d5e00000,0x00000000d5e30000,0x00000000d5e80000)
  to   space 512K, 0% used [0x00000000d5d80000,0x00000000d5d80000,0x00000000d5e00000)
 ParOldGen       total 1171968K, used 361426K [0x0000000080000000, 0x00000000c7880000, 0x00000000d5580000)
  object space 1171968K, 30% used [0x0000000080000000,0x00000000960f4be0,0x00000000c7880000)
 Metaspace       used 78671K, committed 80384K, reserved 1179648K
  class space    used 8082K, committed 8832K, reserved 1048576K
}
Event: 135.316 GC heap before
{Heap before GC invocations=985 (full 4):
 PSYoungGen      total 6144K, used 5824K [0x00000000d5580000, 0x00000000d5e80000, 0x0000000100000000)
  eden space 5632K, 100% used [0x00000000d5580000,0x00000000d5b00000,0x00000000d5b00000)
  from space 512K, 37% used [0x00000000d5e00000,0x00000000d5e30000,0x00000000d5e80000)
  to   space 512K, 0% used [0x00000000d5d80000,0x00000000d5d80000,0x00000000d5e00000)
 ParOldGen       total 1171968K, used 361426K [0x0000000080000000, 0x00000000c7880000, 0x00000000d5580000)
  object space 1171968K, 30% used [0x0000000080000000,0x00000000960f4be0,0x00000000c7880000)
 Metaspace       used 78678K, committed 80384K, reserved 1179648K
  class space    used 8082K, committed 8832K, reserved 1048576K
}
Event: 135.318 GC heap after
{Heap after GC invocations=985 (full 4):
 PSYoungGen      total 6144K, used 474K [0x00000000d5580000, 0x00000000d5e80000, 0x0000000100000000)
  eden space 5632K, 0% used [0x00000000d5580000,0x00000000d5580000,0x00000000d5b00000)
  from space 512K, 92% used [0x00000000d5d80000,0x00000000d5df6900,0x00000000d5e00000)
  to   space 512K, 0% used [0x00000000d5e00000,0x00000000d5e00000,0x00000000d5e80000)
 ParOldGen       total 1171968K, used 361503K [0x0000000080000000, 0x00000000c7880000, 0x00000000d5580000)
  object space 1171968K, 30% used [0x0000000080000000,0x0000000096107d40,0x00000000c7880000)
 Metaspace       used 78678K, committed 80384K, reserved 1179648K
  class space    used 8082K, committed 8832K, reserved 1048576K
}

